#
# A fatal error has been detected by the Java Runtime Environment:
#
#  Internal Error (./src/hotspot/share/oops/methodData.cpp:1712), pid=6996, tid=10912
#  fatal error: unexpected tag 105
#
# JRE version: OpenJDK Runtime Environment Microsoft-7208460 (11.0.18+10) (build 11.0.18+10-LTS)
# Java VM: OpenJDK 64-Bit Server VM Microsoft-7208460 (11.0.18+10-LTS, mixed mode, tiered, compressed oops, g1 gc, windows-amd64)
# No core dump will be written. Minidumps are not enabled by default on client versions of Windows
#
# If you would like to submit a bug report, please visit:
#   https://github.com/microsoft/openjdk/issues
#

---------------  S U M M A R Y ------------

Command Line: -XX:MaxMetaspaceSize=512m --add-opens=java.base/java.util=ALL-UNNAMED --add-opens=java.base/java.lang=ALL-UNNAMED --add-opens=java.base/java.lang.invoke=ALL-UNNAMED --add-opens=java.prefs/java.util.prefs=ALL-UNNAMED --add-opens=java.base/java.nio.charset=ALL-UNNAMED --add-opens=java.base/java.net=ALL-UNNAMED --add-opens=java.base/java.util.concurrent.atomic=ALL-UNNAMED -Xmx2048m -Dfile.encoding=windows-1252 -Duser.country=US -Duser.language=en -Duser.variant org.gradle.launcher.daemon.bootstrap.GradleDaemon 8.0.1

Host: Intel(R) Core(TM) i5-7200U CPU @ 2.50GHz, 4 cores, 7G,  Windows 10 , 64 bit Build 19041 (10.0.19041.3636)
Time: Thu Dec 14 23:00:09 2023 Pakistan Standard Time elapsed time: 240.589237 seconds (0d 0h 4m 0s)

---------------  T H R E A D  ---------------

Current thread (0x000002bfbe632800):  GCTaskThread "GC Thread#3" [stack: 0x000000d791200000,0x000000d791300000] [id=10912]

Stack: [0x000000d791200000,0x000000d791300000]
[error occurred during error reporting (printing stack bounds), id 0xc0000005, EXCEPTION_ACCESS_VIOLATION (0xc0000005) at pc=0x000002bfa68a112d]

Native frames: (J=compiled Java code, j=interpreted, Vv=VM code, C=native code)
V  [jvm.dll+0x62bf8a]
V  [jvm.dll+0x7b8fb9]
V  [jvm.dll+0x7ba6a8]
V  [jvm.dll+0x7bace5]
V  [jvm.dll+0x7bac9b]
V  [jvm.dll+0x62b317]
V  [jvm.dll+0x62ba28]
C  [ntdll.dll+0xa23af]
C  [ntdll.dll+0x514b4]
C  [ntdll.dll+0xa0ebe]
C  0x000002bfa68a112d


---------------  P R O C E S S  ---------------

Threads class SMR info:
_java_thread_list=0x000002bfc387b820, length=85, elements={
0x000002bf9e123000, 0x000002bfbc976800, 0x000002bfbc978000, 0x000002bfbc9c6000,
0x000002bfbc9c7000, 0x000002bfbc9c8800, 0x000002bfbc9cd800, 0x000002bfbd2d0800,
0x000002bfbd339000, 0x000002bfbd446000, 0x000002bfbe8d7000, 0x000002bfbe8ed000,
0x000002bfbe8b2800, 0x000002bfbe8b3800, 0x000002bfbe57f800, 0x000002bfbee81000,
0x000002bfbe582800, 0x000002bfbe62e800, 0x000002bfbecc8000, 0x000002bfbe394800,
0x000002bfbe395000, 0x000002bfbe392000, 0x000002bfbe392800, 0x000002bfbe397000,
0x000002bfbe393800, 0x000002bfbe396000, 0x000002bfbe391000, 0x000002bfbe397800,
0x000002bfc1ce1800, 0x000002bfc1ce2800, 0x000002bfc1ce3800, 0x000002bfc1cdd800,
0x000002bfc1ce5000, 0x000002bfc1cdf000, 0x000002bfc1ce6000, 0x000002bfc1ce0000,
0x000002bfc1ce8000, 0x000002bfc1cec800, 0x000002bfc1ceb800, 0x000002bfc1cea800,
0x000002bfc1ce6800, 0x000002bfc1cea000, 0x000002bfc1ce9000, 0x000002bfc1ce7800,
0x000002bfbf3be800, 0x000002bfbf3c0800, 0x000002bfbf3c2000, 0x000002bfbf3c1000,
0x000002bfbf3bf800, 0x000002bfbf3c3000, 0x000002bfbf3c3800, 0x000002bfbf3be000,
0x000002bfbf3c6000, 0x000002bfbf3c7800, 0x000002bfbf3c7000, 0x000002bfbf3c9800,
0x000002bfbf3c8800, 0x000002bfbf3c5800, 0x000002bfbf3ca000, 0x000002bfbf3c4800,
0x000002bfbf3cc800, 0x000002bfbf3cb000, 0x000002bfbf3cc000, 0x000002bfc3f37800,
0x000002bfc3f3b800, 0x000002bfc3f35800, 0x000002bfc3f3a800, 0x000002bfc3f3c000,
0x000002bfc3f39000, 0x000002bfc3f36800, 0x000002bfc3f3e000, 0x000002bfc3f38000,
0x000002bfc3f3f800, 0x000002bfc3f3e800, 0x000002bfc3f39800, 0x000002bfc3f42000,
0x000002bfc3f42800, 0x000002bfc3f43800, 0x000002bfc3f44800, 0x000002bfc3f40000,
0x000002bfc3f41000, 0x000002bfc4de8800, 0x000002bfc4dea000, 0x000002bfc4ded000,
0x000002bfc3632000
}

Java Threads: ( => current thread )
  0x000002bf9e123000 JavaThread "main" [_thread_blocked, id=4932, stack(0x000000d78f500000,0x000000d78f600000)]
  0x000002bfbc976800 JavaThread "Reference Handler" daemon [_thread_blocked, id=8308, stack(0x000000d78fc00000,0x000000d78fd00000)]
  0x000002bfbc978000 JavaThread "Finalizer" daemon [_thread_blocked, id=7244, stack(0x000000d78fd00000,0x000000d78fe00000)]
  0x000002bfbc9c6000 JavaThread "Signal Dispatcher" daemon [_thread_blocked, id=3456, stack(0x000000d78fe00000,0x000000d78ff00000)]
  0x000002bfbc9c7000 JavaThread "Attach Listener" daemon [_thread_blocked, id=11164, stack(0x000000d78ff00000,0x000000d790000000)]
  0x000002bfbc9c8800 JavaThread "Service Thread" daemon [_thread_blocked, id=9320, stack(0x000000d790000000,0x000000d790100000)]
  0x000002bfbc9cd800 JavaThread "C2 CompilerThread0" daemon [_thread_in_native, id=1276, stack(0x000000d790100000,0x000000d790200000)]
  0x000002bfbd2d0800 JavaThread "C1 CompilerThread0" daemon [_thread_blocked, id=7108, stack(0x000000d790200000,0x000000d790300000)]
  0x000002bfbd339000 JavaThread "Sweeper thread" daemon [_thread_blocked, id=1088, stack(0x000000d790300000,0x000000d790400000)]
  0x000002bfbd446000 JavaThread "Common-Cleaner" daemon [_thread_blocked, id=11272, stack(0x000000d790400000,0x000000d790500000)]
  0x000002bfbe8d7000 JavaThread "Daemon health stats" [_thread_blocked, id=12080, stack(0x000000d790800000,0x000000d790900000)]
  0x000002bfbe8ed000 JavaThread "Incoming local TCP Connector on port 50937" [_thread_in_native, id=12176, stack(0x000000d790900000,0x000000d790a00000)]
  0x000002bfbe8b2800 JavaThread "Daemon periodic checks" [_thread_blocked, id=5172, stack(0x000000d790a00000,0x000000d790b00000)]
  0x000002bfbe8b3800 JavaThread "Daemon" [_thread_blocked, id=12060, stack(0x000000d790b00000,0x000000d790c00000)]
  0x000002bfbe57f800 JavaThread "Handler for socket connection from /127.0.0.1:50937 to /127.0.0.1:50938" [_thread_in_native, id=8136, stack(0x000000d790c00000,0x000000d790d00000)]
  0x000002bfbee81000 JavaThread "Cancel handler" [_thread_blocked, id=256, stack(0x000000d790d00000,0x000000d790e00000)]
  0x000002bfbe582800 JavaThread "Daemon worker" [_thread_blocked, id=9752, stack(0x000000d790e00000,0x000000d790f00000)]
  0x000002bfbe62e800 JavaThread "Asynchronous log dispatcher for DefaultDaemonConnection: socket connection from /127.0.0.1:50937 to /127.0.0.1:50938" [_thread_blocked, id=2204, stack(0x000000d790f00000,0x000000d791000000)]
  0x000002bfbecc8000 JavaThread "Daemon client event forwarder" [_thread_blocked, id=11180, stack(0x000000d791100000,0x000000d791200000)]
  0x000002bfbe394800 JavaThread "Cache worker for journal cache (C:\Users\Salman\.gradle\caches\journal-1)" [_thread_blocked, id=9588, stack(0x000000d791300000,0x000000d791400000)]
  0x000002bfbe395000 JavaThread "File lock request listener" [_thread_in_native, id=10288, stack(0x000000d791400000,0x000000d791500000)]
  0x000002bfbe392000 JavaThread "Cache worker for file hash cache (C:\Users\Salman\.gradle\caches\8.0.1\fileHashes)" [_thread_blocked, id=11704, stack(0x000000d791500000,0x000000d791600000)]
  0x000002bfbe392800 JavaThread "File watcher server" daemon [_thread_in_native, id=11708, stack(0x000000d791700000,0x000000d791800000)]
  0x000002bfbe397000 JavaThread "File watcher consumer" daemon [_thread_blocked, id=5160, stack(0x000000d791600000,0x000000d791700000)]
  0x000002bfbe393800 JavaThread "Cache worker for checksums cache (C:\Users\Salman\Desktop\Projects\lms_project\android\.gradle\8.0.1\checksums)" [_thread_blocked, id=10324, stack(0x000000d791800000,0x000000d791900000)]
  0x000002bfbe396000 JavaThread "Cache worker for cache directory md-rule (C:\Users\Salman\.gradle\caches\8.0.1\md-rule)" [_thread_blocked, id=7872, stack(0x000000d791900000,0x000000d791a00000)]
  0x000002bfbe391000 JavaThread "Cache worker for file content cache (C:\Users\Salman\.gradle\caches\8.0.1\fileContent)" [_thread_blocked, id=10660, stack(0x000000d791a00000,0x000000d791b00000)]
  0x000002bfbe397800 JavaThread "Cache worker for file hash cache (C:\Users\Salman\Desktop\Projects\lms_project\android\.gradle\8.0.1\fileHashes)" [_thread_blocked, id=7472, stack(0x000000d791b00000,0x000000d791c00000)]
  0x000002bfc1ce1800 JavaThread "Cache worker for cache directory md-supplier (C:\Users\Salman\.gradle\caches\8.0.1\md-supplier)" [_thread_blocked, id=1344, stack(0x000000d791c00000,0x000000d791d00000)]
  0x000002bfc1ce2800 JavaThread "Cache worker for execution history cache (C:\Users\Salman\.gradle\caches\8.0.1\executionHistory)" [_thread_blocked, id=9984, stack(0x000000d791d00000,0x000000d791e00000)]
  0x000002bfc1ce3800 JavaThread "jar transforms" [_thread_blocked, id=3952, stack(0x000000d791f00000,0x000000d792000000)]
  0x000002bfc1cdd800 JavaThread "jar transforms Thread 2" [_thread_blocked, id=8280, stack(0x000000d792000000,0x000000d792100000)]
  0x000002bfc1ce5000 JavaThread "jar transforms Thread 3" [_thread_blocked, id=8672, stack(0x000000d791e00000,0x000000d791f00000)]
  0x000002bfc1cdf000 JavaThread "jar transforms Thread 4" [_thread_blocked, id=11080, stack(0x000000d792100000,0x000000d792200000)]
  0x000002bfc1ce6000 JavaThread "Cache worker for kotlin-dsl (C:\Users\Salman\.gradle\caches\8.0.1\kotlin-dsl)" [_thread_blocked, id=11152, stack(0x000000d78f300000,0x000000d78f400000)]
  0x000002bfc1ce0000 JavaThread "Cache worker for dependencies-accessors (C:\Users\Salman\Desktop\Projects\lms_project\android\.gradle\8.0.1\dependencies-accessors)" [_thread_blocked, id=4976, stack(0x000000d78f400000,0x000000d78f500000)]
  0x000002bfc1ce8000 JavaThread "Cache worker for Build Output Cleanup Cache (C:\Users\Salman\Desktop\Projects\lms_project\node_modules\@react-native\gradle-plugin\.gradle\buildOutputCleanup)" [_thread_blocked, id=10964, stack(0x000000d78f200000,0x000000d78f300000)]
  0x000002bfc1cec800 JavaThread "Unconstrained build operations" [_thread_blocked, id=12236, stack(0x000000d792300000,0x000000d792400000)]
  0x000002bfc1ceb800 JavaThread "Unconstrained build operations Thread 2" [_thread_blocked, id=9784, stack(0x000000d792500000,0x000000d792600000)]
  0x000002bfc1cea800 JavaThread "Unconstrained build operations Thread 3" [_thread_blocked, id=11012, stack(0x000000d792600000,0x000000d792700000)]
  0x000002bfc1ce6800 JavaThread "Unconstrained build operations Thread 4" [_thread_blocked, id=2332, stack(0x000000d792700000,0x000000d792800000)]
  0x000002bfc1cea000 JavaThread "Unconstrained build operations Thread 5" [_thread_blocked, id=12012, stack(0x000000d792800000,0x000000d792900000)]
  0x000002bfc1ce9000 JavaThread "Unconstrained build operations Thread 6" [_thread_blocked, id=4588, stack(0x000000d792900000,0x000000d792a00000)]
  0x000002bfc1ce7800 JavaThread "Unconstrained build operations Thread 7" [_thread_blocked, id=11668, stack(0x000000d792a00000,0x000000d792b00000)]
  0x000002bfbf3be800 JavaThread "Unconstrained build operations Thread 8" [_thread_blocked, id=8132, stack(0x000000d792b00000,0x000000d792c00000)]
  0x000002bfbf3c0800 JavaThread "Unconstrained build operations Thread 9" [_thread_blocked, id=9792, stack(0x000000d792c00000,0x000000d792d00000)]
  0x000002bfbf3c2000 JavaThread "Unconstrained build operations Thread 10" [_thread_blocked, id=11848, stack(0x000000d792d00000,0x000000d792e00000)]
  0x000002bfbf3c1000 JavaThread "Unconstrained build operations Thread 11" [_thread_blocked, id=6536, stack(0x000000d792e00000,0x000000d792f00000)]
  0x000002bfbf3bf800 JavaThread "Unconstrained build operations Thread 12" [_thread_blocked, id=2820, stack(0x000000d792f00000,0x000000d793000000)]
  0x000002bfbf3c3000 JavaThread "Unconstrained build operations Thread 13" [_thread_blocked, id=9512, stack(0x000000d793000000,0x000000d793100000)]
  0x000002bfbf3c3800 JavaThread "Unconstrained build operations Thread 14" [_thread_blocked, id=10128, stack(0x000000d793100000,0x000000d793200000)]
  0x000002bfbf3be000 JavaThread "Unconstrained build operations Thread 15" [_thread_blocked, id=11608, stack(0x000000d793200000,0x000000d793300000)]
  0x000002bfbf3c6000 JavaThread "Unconstrained build operations Thread 16" [_thread_blocked, id=7116, stack(0x000000d793300000,0x000000d793400000)]
  0x000002bfbf3c7800 JavaThread "Unconstrained build operations Thread 17" [_thread_blocked, id=968, stack(0x000000d793400000,0x000000d793500000)]
  0x000002bfbf3c7000 JavaThread "Unconstrained build operations Thread 18" [_thread_blocked, id=10148, stack(0x000000d793500000,0x000000d793600000)]
  0x000002bfbf3c9800 JavaThread "Unconstrained build operations Thread 19" [_thread_blocked, id=6112, stack(0x000000d793600000,0x000000d793700000)]
  0x000002bfbf3c8800 JavaThread "Unconstrained build operations Thread 20" [_thread_blocked, id=2036, stack(0x000000d793700000,0x000000d793800000)]
  0x000002bfbf3c5800 JavaThread "Unconstrained build operations Thread 21" [_thread_blocked, id=10780, stack(0x000000d793800000,0x000000d793900000)]
  0x000002bfbf3ca000 JavaThread "Unconstrained build operations Thread 22" [_thread_blocked, id=10048, stack(0x000000d793900000,0x000000d793a00000)]
  0x000002bfbf3c4800 JavaThread "Unconstrained build operations Thread 23" [_thread_blocked, id=8652, stack(0x000000d793a00000,0x000000d793b00000)]
  0x000002bfbf3cc800 JavaThread "Unconstrained build operations Thread 24" [_thread_blocked, id=12048, stack(0x000000d793b00000,0x000000d793c00000)]
  0x000002bfbf3cb000 JavaThread "Unconstrained build operations Thread 25" [_thread_blocked, id=1108, stack(0x000000d793c00000,0x000000d793d00000)]
  0x000002bfbf3cc000 JavaThread "Unconstrained build operations Thread 26" [_thread_blocked, id=10024, stack(0x000000d793d00000,0x000000d793e00000)]
  0x000002bfc3f37800 JavaThread "Memory manager" [_thread_blocked, id=10712, stack(0x000000d793f00000,0x000000d794000000)]
  0x000002bfc3f3b800 JavaThread "Cache worker for Build Output Cleanup Cache (C:\Users\Salman\Desktop\Projects\lms_project\android\.gradle\buildOutputCleanup)" [_thread_blocked, id=6544, stack(0x000000d794000000,0x000000d794100000)]
  0x000002bfc3f35800 JavaThread "included builds" [_thread_blocked, id=5812, stack(0x000000d794100000,0x000000d794200000)]
  0x000002bfc3f3a800 JavaThread "Execution worker" [_thread_blocked, id=11624, stack(0x000000d794200000,0x000000d794300000)]
  0x000002bfc3f3c000 JavaThread "Execution worker Thread 2" [_thread_blocked, id=12228, stack(0x000000d794300000,0x000000d794400000)]
  0x000002bfc3f39000 JavaThread "Execution worker Thread 3" [_thread_blocked, id=12148, stack(0x000000d794400000,0x000000d794500000)]
  0x000002bfc3f36800 JavaThread "Cache worker for execution history cache (C:\Users\Salman\Desktop\Projects\lms_project\node_modules\@react-native\gradle-plugin\.gradle\8.0.1\executionHistory)" [_thread_blocked, id=10524, stack(0x000000d794500000,0x000000d794600000)]
  0x000002bfc3f3e000 JavaThread "Unconstrained build operations Thread 27" [_thread_blocked, id=6104, stack(0x000000d794600000,0x000000d794700000)]
  0x000002bfc3f38000 JavaThread "Unconstrained build operations Thread 28" [_thread_blocked, id=2708, stack(0x000000d794700000,0x000000d794800000)]
  0x000002bfc3f3f800 JavaThread "Unconstrained build operations Thread 29" [_thread_blocked, id=8764, stack(0x000000d794800000,0x000000d794900000)]
  0x000002bfc3f3e800 JavaThread "Unconstrained build operations Thread 30" [_thread_blocked, id=10760, stack(0x000000d794900000,0x000000d794a00000)]
  0x000002bfc3f39800 JavaThread "Unconstrained build operations Thread 31" [_thread_blocked, id=9380, stack(0x000000d794a00000,0x000000d794b00000)]
  0x000002bfc3f42000 JavaThread "Unconstrained build operations Thread 32" [_thread_blocked, id=6228, stack(0x000000d794b00000,0x000000d794c00000)]
  0x000002bfc3f42800 JavaThread "Unconstrained build operations Thread 33" [_thread_blocked, id=11328, stack(0x000000d794c00000,0x000000d794d00000)]
  0x000002bfc3f43800 JavaThread "Unconstrained build operations Thread 34" [_thread_blocked, id=10924, stack(0x000000d794d00000,0x000000d794e00000)]
  0x000002bfc3f44800 JavaThread "Unconstrained build operations Thread 35" [_thread_blocked, id=12188, stack(0x000000d794e00000,0x000000d794f00000)]
  0x000002bfc3f40000 JavaThread "Unconstrained build operations Thread 36" [_thread_blocked, id=9516, stack(0x000000d794f00000,0x000000d795000000)]
  0x000002bfc3f41000 JavaThread "Unconstrained build operations Thread 37" [_thread_blocked, id=9728, stack(0x000000d795000000,0x000000d795100000)]
  0x000002bfc4de8800 JavaThread "Unconstrained build operations Thread 38" [_thread_blocked, id=6532, stack(0x000000d795100000,0x000000d795200000)]
  0x000002bfc4dea000 JavaThread "Unconstrained build operations Thread 39" [_thread_blocked, id=9420, stack(0x000000d795200000,0x000000d795300000)]
  0x000002bfc4ded000 JavaThread "Unconstrained build operations Thread 40" [_thread_blocked, id=2368, stack(0x000000d795300000,0x000000d795400000)]
  0x000002bfc3632000 JavaThread "C2 CompilerThread1" daemon [_thread_blocked, id=11804, stack(0x000000d793e00000,0x000000d793f00000)]

Other Threads:
  0x000002bfbc960000 VMThread "VM Thread" [stack: 0x000000d78fb00000,0x000000d78fc00000] [id=2296]
  0x000002bfbd464800 WatcherThread [stack: 0x000000d790500000,0x000000d790600000] [id=11276]
  0x000002bf9e13b000 GCTaskThread "GC Thread#0" [stack: 0x000000d78f600000,0x000000d78f700000] [id=10536]
  0x000002bfbd75a000 GCTaskThread "GC Thread#1" [stack: 0x000000d790600000,0x000000d790700000] [id=8404]
  0x000002bfbd87c000 GCTaskThread "GC Thread#2" [stack: 0x000000d790700000,0x000000d790800000] [id=11176]
=>0x000002bfbe632800 GCTaskThread "GC Thread#3" [stack: 0x000000d791200000,0x000000d791300000] [id=10912]
  0x000002bf9e16d800 ConcurrentGCThread "G1 Main Marker" [stack: 0x000000d78f700000,0x000000d78f800000] [id=1516]
  0x000002bf9e16f000 ConcurrentGCThread "G1 Conc#0" [stack: 0x000000d78f800000,0x000000d78f900000] [id=5764]
  0x000002bf9e1fa000 ConcurrentGCThread "G1 Refine#0" [stack: 0x000000d78f900000,0x000000d78fa00000] [id=10684]
  0x000002bf9e1fb000 ConcurrentGCThread "G1 Young RemSet Sampling" [stack: 0x000000d78fa00000,0x000000d78fb00000] [id=11136]

Threads with active compile tasks:
C2 CompilerThread0   240636 8805       4       org.gradle.internal.service.DefaultServiceRegistry$ClassInspector::getDetailsForClass (50 bytes)

VM state:at safepoint (normal execution)

VM Mutex/Monitor currently owned by a thread:  ([mutex/lock_event])
[0x000002bf9e11fa80] Threads_lock - owner thread: 0x000002bfbc960000
[0x000002bf9e1212b0] Heap_lock - owner thread: 0x000002bf9e16d800

Heap address: 0x0000000080000000, size: 2048 MB, Compressed Oops mode: 32-bit
Narrow klass base: 0x0000000000000000, Narrow klass shift: 3
Compressed class space size: 528482304 Address: 0x0000000100000000

Heap:
 garbage-first heap   total 129024K, used 71993K [0x0000000080000000, 0x0000000100000000)
  region size 1024K, 4 young (4096K), 2 survivors (2048K)
 Metaspace       used 79790K, capacity 82183K, committed 82384K, reserved 587776K
  class space    used 10301K, capacity 11303K, committed 11392K, reserved 516096K
Heap Regions: E=young(eden), S=young(survivor), O=old, HS=humongous(starts), HC=humongous(continues), CS=collection set, F=free, A=archive, TAMS=top-at-mark-start (previous, next)
|   0|0x0000000080000000, 0x0000000080100000, 0x0000000080100000|100%| O|  |TAMS 0x0000000080100000, 0x0000000080100000| Untracked 
|   1|0x0000000080100000, 0x0000000080200000, 0x0000000080200000|100%| O|  |TAMS 0x0000000080200000, 0x0000000080200000| Untracked 
|   2|0x0000000080200000, 0x0000000080300000, 0x0000000080300000|100%| O|  |TAMS 0x0000000080300000, 0x0000000080300000| Untracked 
|   3|0x0000000080300000, 0x0000000080400000, 0x0000000080400000|100%|HS|  |TAMS 0x0000000080400000, 0x0000000080400000| Complete 
|   4|0x0000000080400000, 0x0000000080500000, 0x0000000080500000|100%|HC|  |TAMS 0x0000000080500000, 0x0000000080500000| Complete 
|   5|0x0000000080500000, 0x0000000080600000, 0x0000000080600000|100%|HC|  |TAMS 0x0000000080600000, 0x0000000080600000| Complete 
|   6|0x0000000080600000, 0x0000000080700000, 0x0000000080700000|100%|HC|  |TAMS 0x0000000080700000, 0x0000000080700000| Complete 
|   7|0x0000000080700000, 0x0000000080800000, 0x0000000080800000|100%| O|  |TAMS 0x0000000080800000, 0x0000000080800000| Untracked 
|   8|0x0000000080800000, 0x0000000080900000, 0x0000000080900000|100%| O|  |TAMS 0x0000000080900000, 0x0000000080900000| Untracked 
|   9|0x0000000080900000, 0x0000000080a00000, 0x0000000080a00000|100%| O|  |TAMS 0x0000000080a00000, 0x0000000080a00000| Untracked 
|  10|0x0000000080a00000, 0x0000000080b00000, 0x0000000080b00000|100%| O|  |TAMS 0x0000000080b00000, 0x0000000080b00000| Untracked 
|  11|0x0000000080b00000, 0x0000000080c00000, 0x0000000080c00000|100%| O|  |TAMS 0x0000000080c00000, 0x0000000080c00000| Untracked 
|  12|0x0000000080c00000, 0x0000000080d00000, 0x0000000080d00000|100%| O|  |TAMS 0x0000000080d00000, 0x0000000080d00000| Untracked 
|  13|0x0000000080d00000, 0x0000000080e00000, 0x0000000080e00000|100%| O|  |TAMS 0x0000000080e00000, 0x0000000080e00000| Untracked 
|  14|0x0000000080e00000, 0x0000000080f00000, 0x0000000080f00000|100%| O|  |TAMS 0x0000000080f00000, 0x0000000080f00000| Untracked 
|  15|0x0000000080f00000, 0x0000000081000000, 0x0000000081000000|100%| O|  |TAMS 0x0000000081000000, 0x0000000081000000| Untracked 
|  16|0x0000000081000000, 0x0000000081100000, 0x0000000081100000|100%| O|  |TAMS 0x0000000081100000, 0x0000000081100000| Untracked 
|  17|0x0000000081100000, 0x0000000081200000, 0x0000000081200000|100%| O|  |TAMS 0x0000000081200000, 0x0000000081200000| Untracked 
|  18|0x0000000081200000, 0x0000000081300000, 0x0000000081300000|100%| O|  |TAMS 0x0000000081300000, 0x0000000081300000| Untracked 
|  19|0x0000000081300000, 0x0000000081400000, 0x0000000081400000|100%| O|  |TAMS 0x0000000081400000, 0x0000000081400000| Untracked 
|  20|0x0000000081400000, 0x0000000081500000, 0x0000000081500000|100%| O|  |TAMS 0x0000000081500000, 0x0000000081500000| Untracked 
|  21|0x0000000081500000, 0x0000000081600000, 0x0000000081600000|100%| O|  |TAMS 0x0000000081600000, 0x0000000081600000| Untracked 
|  22|0x0000000081600000, 0x0000000081700000, 0x0000000081700000|100%| O|  |TAMS 0x0000000081700000, 0x0000000081700000| Untracked 
|  23|0x0000000081700000, 0x0000000081800000, 0x0000000081800000|100%| O|  |TAMS 0x0000000081800000, 0x0000000081800000| Untracked 
|  24|0x0000000081800000, 0x0000000081900000, 0x0000000081900000|100%| O|  |TAMS 0x0000000081900000, 0x0000000081900000| Untracked 
|  25|0x0000000081900000, 0x0000000081a00000, 0x0000000081a00000|100%| O|  |TAMS 0x0000000081a00000, 0x0000000081a00000| Untracked 
|  26|0x0000000081a00000, 0x0000000081b00000, 0x0000000081b00000|100%| O|  |TAMS 0x0000000081b00000, 0x0000000081b00000| Untracked 
|  27|0x0000000081b00000, 0x0000000081c00000, 0x0000000081c00000|100%| O|  |TAMS 0x0000000081c00000, 0x0000000081c00000| Untracked 
|  28|0x0000000081c00000, 0x0000000081d00000, 0x0000000081d00000|100%| O|  |TAMS 0x0000000081d00000, 0x0000000081d00000| Untracked 
|  29|0x0000000081d00000, 0x0000000081e00000, 0x0000000081e00000|100%| O|  |TAMS 0x0000000081e00000, 0x0000000081e00000| Untracked 
|  30|0x0000000081e00000, 0x0000000081f00000, 0x0000000081f00000|100%| O|  |TAMS 0x0000000081f00000, 0x0000000081f00000| Untracked 
|  31|0x0000000081f00000, 0x0000000082000000, 0x0000000082000000|100%| O|  |TAMS 0x0000000082000000, 0x0000000082000000| Untracked 
|  32|0x0000000082000000, 0x0000000082100000, 0x0000000082100000|100%| O|  |TAMS 0x0000000082100000, 0x0000000082100000| Untracked 
|  33|0x0000000082100000, 0x0000000082200000, 0x0000000082200000|100%|HS|  |TAMS 0x0000000082200000, 0x0000000082200000| Complete 
|  34|0x0000000082200000, 0x0000000082300000, 0x0000000082300000|100%|HC|  |TAMS 0x0000000082300000, 0x0000000082300000| Complete 
|  35|0x0000000082300000, 0x0000000082400000, 0x0000000082400000|100%| O|  |TAMS 0x0000000082400000, 0x0000000082400000| Untracked 
|  36|0x0000000082400000, 0x0000000082500000, 0x0000000082500000|100%| O|  |TAMS 0x0000000082500000, 0x0000000082500000| Untracked 
|  37|0x0000000082500000, 0x0000000082600000, 0x0000000082600000|100%| O|  |TAMS 0x0000000082556600, 0x0000000082600000| Untracked 
|  38|0x0000000082600000, 0x0000000082700000, 0x0000000082700000|100%|HS|  |TAMS 0x0000000082600000, 0x0000000082700000| Complete 
|  39|0x0000000082700000, 0x0000000082800000, 0x0000000082800000|100%|HC|  |TAMS 0x0000000082700000, 0x0000000082800000| Complete 
|  40|0x0000000082800000, 0x0000000082900000, 0x0000000082900000|100%|HC|  |TAMS 0x0000000082800000, 0x0000000082900000| Complete 
|  41|0x0000000082900000, 0x0000000082a00000, 0x0000000082a00000|100%|HC|  |TAMS 0x0000000082900000, 0x0000000082a00000| Complete 
|  42|0x0000000082a00000, 0x0000000082b00000, 0x0000000082b00000|100%| O|  |TAMS 0x0000000082a00000, 0x0000000082b00000| Untracked 
|  43|0x0000000082b00000, 0x0000000082c00000, 0x0000000082c00000|100%| O|  |TAMS 0x0000000082b00000, 0x0000000082c00000| Untracked 
|  44|0x0000000082c00000, 0x0000000082d00000, 0x0000000082d00000|100%| O|  |TAMS 0x0000000082c00000, 0x0000000082d00000| Untracked 
|  45|0x0000000082d00000, 0x0000000082e00000, 0x0000000082e00000|100%| O|  |TAMS 0x0000000082d00000, 0x0000000082e00000| Untracked 
|  46|0x0000000082e00000, 0x0000000082f00000, 0x0000000082f00000|100%| O|  |TAMS 0x0000000082e00000, 0x0000000082f00000| Untracked 
|  47|0x0000000082f00000, 0x0000000083000000, 0x0000000083000000|100%| O|  |TAMS 0x0000000082f00000, 0x0000000083000000| Untracked 
|  48|0x0000000083000000, 0x0000000083100000, 0x0000000083100000|100%| O|  |TAMS 0x0000000083000000, 0x0000000083100000| Untracked 
|  49|0x0000000083100000, 0x0000000083200000, 0x0000000083200000|100%| O|  |TAMS 0x0000000083100000, 0x0000000083200000| Untracked 
|  50|0x0000000083200000, 0x0000000083300000, 0x0000000083300000|100%| O|  |TAMS 0x0000000083200000, 0x0000000083300000| Untracked 
|  51|0x0000000083300000, 0x0000000083400000, 0x0000000083400000|100%| O|  |TAMS 0x0000000083300000, 0x0000000083400000| Untracked 
|  52|0x0000000083400000, 0x0000000083500000, 0x0000000083500000|100%| O|  |TAMS 0x0000000083400000, 0x0000000083500000| Untracked 
|  53|0x0000000083500000, 0x0000000083600000, 0x0000000083600000|100%| O|  |TAMS 0x0000000083500000, 0x0000000083600000| Untracked 
|  54|0x0000000083600000, 0x0000000083700000, 0x0000000083700000|100%| O|  |TAMS 0x0000000083600000, 0x0000000083700000| Untracked 
|  55|0x0000000083700000, 0x0000000083800000, 0x0000000083800000|100%| O|  |TAMS 0x0000000083700000, 0x0000000083800000| Untracked 
|  56|0x0000000083800000, 0x0000000083900000, 0x0000000083900000|100%| O|  |TAMS 0x0000000083800000, 0x0000000083900000| Untracked 
|  57|0x0000000083900000, 0x0000000083a00000, 0x0000000083a00000|100%| O|  |TAMS 0x0000000083900000, 0x0000000083a00000| Untracked 
|  58|0x0000000083a00000, 0x0000000083b00000, 0x0000000083b00000|100%| O|  |TAMS 0x0000000083a00000, 0x0000000083b00000| Untracked 
|  59|0x0000000083b00000, 0x0000000083c00000, 0x0000000083c00000|100%| O|  |TAMS 0x0000000083b00000, 0x0000000083c00000| Untracked 
|  60|0x0000000083c00000, 0x0000000083d00000, 0x0000000083d00000|100%| O|  |TAMS 0x0000000083c00000, 0x0000000083d00000| Untracked 
|  61|0x0000000083d00000, 0x0000000083e00000, 0x0000000083e00000|100%| O|  |TAMS 0x0000000083d00000, 0x0000000083e00000| Untracked 
|  62|0x0000000083e00000, 0x0000000083f00000, 0x0000000083f00000|100%| O|  |TAMS 0x0000000083e00000, 0x0000000083f00000| Untracked 
|  63|0x0000000083f00000, 0x0000000084000000, 0x0000000084000000|100%| O|  |TAMS 0x0000000083f00000, 0x0000000084000000| Untracked 
|  64|0x0000000084000000, 0x0000000084100000, 0x0000000084100000|100%| O|  |TAMS 0x0000000084000000, 0x0000000084100000| Untracked 
|  65|0x0000000084100000, 0x0000000084200000, 0x0000000084200000|100%| O|  |TAMS 0x0000000084100000, 0x0000000084200000| Untracked 
|  66|0x0000000084200000, 0x000000008428bc00, 0x0000000084300000| 54%| O|  |TAMS 0x0000000084200000, 0x000000008428bc00| Untracked 
|  67|0x0000000084300000, 0x0000000084400000, 0x0000000084400000|100%|HS|  |TAMS 0x0000000084300000, 0x0000000084300000| Complete 
|  68|0x0000000084400000, 0x0000000084400000, 0x0000000084500000|  0%| F|  |TAMS 0x0000000084400000, 0x0000000084400000| Untracked 
|  69|0x0000000084500000, 0x0000000084500000, 0x0000000084600000|  0%| F|  |TAMS 0x0000000084500000, 0x0000000084500000| Untracked 
|  70|0x0000000084600000, 0x0000000084600000, 0x0000000084700000|  0%| F|  |TAMS 0x0000000084600000, 0x0000000084600000| Untracked 
|  71|0x0000000084700000, 0x0000000084700000, 0x0000000084800000|  0%| F|  |TAMS 0x0000000084700000, 0x0000000084700000| Untracked 
|  72|0x0000000084800000, 0x0000000084800000, 0x0000000084900000|  0%| F|  |TAMS 0x0000000084800000, 0x0000000084800000| Untracked 
|  73|0x0000000084900000, 0x0000000084900000, 0x0000000084a00000|  0%| F|  |TAMS 0x0000000084900000, 0x0000000084900000| Untracked 
|  74|0x0000000084a00000, 0x0000000084a00000, 0x0000000084b00000|  0%| F|  |TAMS 0x0000000084a00000, 0x0000000084a00000| Untracked 
|  75|0x0000000084b00000, 0x0000000084b00000, 0x0000000084c00000|  0%| F|  |TAMS 0x0000000084b00000, 0x0000000084b00000| Untracked 
|  76|0x0000000084c00000, 0x0000000084c00000, 0x0000000084d00000|  0%| F|  |TAMS 0x0000000084c00000, 0x0000000084c00000| Untracked 
|  77|0x0000000084d00000, 0x0000000084d00000, 0x0000000084e00000|  0%| F|  |TAMS 0x0000000084d00000, 0x0000000084d00000| Untracked 
|  78|0x0000000084e00000, 0x0000000084e00000, 0x0000000084f00000|  0%| F|  |TAMS 0x0000000084e00000, 0x0000000084e00000| Untracked 
|  79|0x0000000084f00000, 0x0000000084f00000, 0x0000000085000000|  0%| F|  |TAMS 0x0000000084f00000, 0x0000000084f00000| Untracked 
|  80|0x0000000085000000, 0x0000000085000000, 0x0000000085100000|  0%| F|  |TAMS 0x0000000085000000, 0x0000000085000000| Untracked 
|  81|0x0000000085100000, 0x0000000085100000, 0x0000000085200000|  0%| F|  |TAMS 0x0000000085100000, 0x0000000085100000| Untracked 
|  82|0x0000000085200000, 0x0000000085200000, 0x0000000085300000|  0%| F|  |TAMS 0x0000000085200000, 0x0000000085200000| Untracked 
|  83|0x0000000085300000, 0x0000000085300000, 0x0000000085400000|  0%| F|  |TAMS 0x0000000085300000, 0x0000000085300000| Untracked 
|  84|0x0000000085400000, 0x0000000085400000, 0x0000000085500000|  0%| F|  |TAMS 0x0000000085400000, 0x0000000085400000| Untracked 
|  85|0x0000000085500000, 0x0000000085500000, 0x0000000085600000|  0%| F|  |TAMS 0x0000000085500000, 0x0000000085500000| Untracked 
|  86|0x0000000085600000, 0x0000000085600000, 0x0000000085700000|  0%| F|  |TAMS 0x0000000085600000, 0x0000000085600000| Untracked 
|  87|0x0000000085700000, 0x0000000085700000, 0x0000000085800000|  0%| F|  |TAMS 0x0000000085700000, 0x0000000085700000| Untracked 
|  88|0x0000000085800000, 0x0000000085800000, 0x0000000085900000|  0%| F|  |TAMS 0x0000000085800000, 0x0000000085800000| Untracked 
|  89|0x0000000085900000, 0x0000000085900000, 0x0000000085a00000|  0%| F|  |TAMS 0x0000000085900000, 0x0000000085900000| Untracked 
|  90|0x0000000085a00000, 0x0000000085a00000, 0x0000000085b00000|  0%| F|  |TAMS 0x0000000085a00000, 0x0000000085a00000| Untracked 
|  91|0x0000000085b00000, 0x0000000085b00000, 0x0000000085c00000|  0%| F|  |TAMS 0x0000000085b00000, 0x0000000085b00000| Untracked 
|  92|0x0000000085c00000, 0x0000000085c00000, 0x0000000085d00000|  0%| F|  |TAMS 0x0000000085c00000, 0x0000000085c00000| Untracked 
|  93|0x0000000085d00000, 0x0000000085d00000, 0x0000000085e00000|  0%| F|  |TAMS 0x0000000085d00000, 0x0000000085d00000| Untracked 
|  94|0x0000000085e00000, 0x0000000085e00000, 0x0000000085f00000|  0%| F|  |TAMS 0x0000000085e00000, 0x0000000085e00000| Untracked 
|  95|0x0000000085f00000, 0x0000000085f00000, 0x0000000086000000|  0%| F|  |TAMS 0x0000000085f00000, 0x0000000085f00000| Untracked 
|  96|0x0000000086000000, 0x0000000086000000, 0x0000000086100000|  0%| F|  |TAMS 0x0000000086000000, 0x0000000086000000| Untracked 
|  97|0x0000000086100000, 0x0000000086100000, 0x0000000086200000|  0%| F|  |TAMS 0x0000000086100000, 0x0000000086100000| Untracked 
|  98|0x0000000086200000, 0x0000000086200000, 0x0000000086300000|  0%| F|  |TAMS 0x0000000086200000, 0x0000000086200000| Untracked 
|  99|0x0000000086300000, 0x0000000086300000, 0x0000000086400000|  0%| F|  |TAMS 0x0000000086300000, 0x0000000086300000| Untracked 
| 100|0x0000000086400000, 0x0000000086400000, 0x0000000086500000|  0%| F|  |TAMS 0x0000000086400000, 0x0000000086400000| Untracked 
| 101|0x0000000086500000, 0x0000000086500000, 0x0000000086600000|  0%| F|  |TAMS 0x0000000086500000, 0x0000000086500000| Untracked 
| 102|0x0000000086600000, 0x0000000086600000, 0x0000000086700000|  0%| F|  |TAMS 0x0000000086600000, 0x0000000086600000| Untracked 
| 103|0x0000000086700000, 0x0000000086700000, 0x0000000086800000|  0%| F|  |TAMS 0x0000000086700000, 0x0000000086700000| Untracked 
| 104|0x0000000086800000, 0x0000000086800000, 0x0000000086900000|  0%| F|  |TAMS 0x0000000086800000, 0x0000000086800000| Untracked 
| 105|0x0000000086900000, 0x0000000086900000, 0x0000000086a00000|  0%| F|  |TAMS 0x0000000086900000, 0x0000000086900000| Untracked 
| 106|0x0000000086a00000, 0x0000000086a00000, 0x0000000086b00000|  0%| F|  |TAMS 0x0000000086a00000, 0x0000000086a00000| Untracked 
| 107|0x0000000086b00000, 0x0000000086b00000, 0x0000000086c00000|  0%| F|  |TAMS 0x0000000086b00000, 0x0000000086b00000| Untracked 
| 108|0x0000000086c00000, 0x0000000086cc28b0, 0x0000000086d00000| 75%| S|CS|TAMS 0x0000000086c00000, 0x0000000086c00000| Complete 
| 109|0x0000000086d00000, 0x0000000086e00000, 0x0000000086e00000|100%| S|CS|TAMS 0x0000000086d00000, 0x0000000086d00000| Complete 
| 110|0x0000000086e00000, 0x0000000086e00000, 0x0000000086f00000|  0%| F|  |TAMS 0x0000000086e00000, 0x0000000086e00000| Untracked 
| 111|0x0000000086f00000, 0x0000000086f00000, 0x0000000087000000|  0%| F|  |TAMS 0x0000000086f00000, 0x0000000086f00000| Untracked 
| 112|0x0000000087000000, 0x0000000087000000, 0x0000000087100000|  0%| F|  |TAMS 0x0000000087000000, 0x0000000087000000| Untracked 
| 113|0x0000000087100000, 0x0000000087100000, 0x0000000087200000|  0%| F|  |TAMS 0x0000000087100000, 0x0000000087100000| Untracked 
| 114|0x0000000087200000, 0x0000000087200000, 0x0000000087300000|  0%| F|  |TAMS 0x0000000087200000, 0x0000000087200000| Untracked 
| 115|0x0000000087300000, 0x0000000087300000, 0x0000000087400000|  0%| F|  |TAMS 0x0000000087300000, 0x0000000087300000| Untracked 
| 116|0x0000000087400000, 0x0000000087400000, 0x0000000087500000|  0%| F|  |TAMS 0x0000000087400000, 0x0000000087400000| Untracked 
| 117|0x0000000087500000, 0x0000000087500000, 0x0000000087600000|  0%| F|  |TAMS 0x0000000087500000, 0x0000000087500000| Untracked 
| 118|0x0000000087600000, 0x0000000087600000, 0x0000000087700000|  0%| F|  |TAMS 0x0000000087600000, 0x0000000087600000| Untracked 
| 119|0x0000000087700000, 0x0000000087700000, 0x0000000087800000|  0%| F|  |TAMS 0x0000000087700000, 0x0000000087700000| Untracked 
| 120|0x0000000087800000, 0x0000000087800000, 0x0000000087900000|  0%| F|  |TAMS 0x0000000087800000, 0x0000000087800000| Untracked 
| 121|0x0000000087900000, 0x0000000087900000, 0x0000000087a00000|  0%| F|  |TAMS 0x0000000087900000, 0x0000000087900000| Untracked 
| 122|0x0000000087a00000, 0x0000000087a00000, 0x0000000087b00000|  0%| F|  |TAMS 0x0000000087a00000, 0x0000000087a00000| Untracked 
| 123|0x0000000087b00000, 0x0000000087b00000, 0x0000000087c00000|  0%| F|  |TAMS 0x0000000087b00000, 0x0000000087b00000| Untracked 
| 124|0x0000000087c00000, 0x0000000087d00000, 0x0000000087d00000|100%| E|  |TAMS 0x0000000087c00000, 0x0000000087c00000| Complete 
| 125|0x0000000087d00000, 0x0000000087e00000, 0x0000000087e00000|100%| E|CS|TAMS 0x0000000087d00000, 0x0000000087d00000| Complete 

Card table byte_map: [0x000002bfb5ca0000,0x000002bfb60a0000] _byte_map_base: 0x000002bfb58a0000

Marking Bits (Prev, Next): (CMBitMap*) 0x000002bf9e164c90, (CMBitMap*) 0x000002bf9e164c58
 Prev Bits: [0x000002bfb84a0000, 0x000002bfba4a0000)
 Next Bits: [0x000002bfb64a0000, 0x000002bfb84a0000)

Polling page: 0x000002bf9d900000

Metaspace:

Usage:
  Non-class:     69.22 MB capacity,    67.86 MB ( 98%) used,     1.11 MB (  2%) free+waste,   253.44 KB ( <1%) overhead. 
      Class:     11.04 MB capacity,    10.06 MB ( 91%) used,   881.35 KB (  8%) free+waste,   120.38 KB (  1%) overhead. 
       Both:     80.26 MB capacity,    77.92 MB ( 97%) used,     1.97 MB (  2%) free+waste,   373.81 KB ( <1%) overhead. 

Virtual space:
  Non-class space:       70.00 MB reserved,      69.33 MB (>99%) committed 
      Class space:      504.00 MB reserved,      11.13 MB (  2%) committed 
             Both:      574.00 MB reserved,      80.45 MB ( 14%) committed 

Chunk freelists:
   Non-Class:  48.00 KB
       Class:  25.00 KB
        Both:  73.00 KB

MaxMetaspaceSize: 512.00 MB
CompressedClassSpaceSize: 504.00 MB
Initial GC threshold: 20.80 MB
Current GC threshold: 98.46 MB
CDS: off

CodeHeap 'non-profiled nmethods': size=120064Kb used=5375Kb max_used=5375Kb free=114688Kb
 bounds [0x000002bfae360000, 0x000002bfae8a0000, 0x000002bfb58a0000]
CodeHeap 'profiled nmethods': size=120000Kb used=19285Kb max_used=19285Kb free=100715Kb
 bounds [0x000002bfa6e30000, 0x000002bfa8110000, 0x000002bfae360000]
CodeHeap 'non-nmethods': size=5696Kb used=2388Kb max_used=2418Kb free=3307Kb
 bounds [0x000002bfa68a0000, 0x000002bfa6b10000, 0x000002bfa6e30000]
 total_blobs=9727 nmethods=8811 adapters=826
 compilation: enabled
              stopped_count=0, restarted_count=0
 full_count=0

Compilation events (20 events):
Event: 240.331 Thread 0x000002bfbd2d0800 nmethod 8822 0x000002bfa80f6b10 code [0x000002bfa80f6ce0, 0x000002bfa80f6ff8]
Event: 240.340 Thread 0x000002bfc3632000 nmethod 8815 0x000002bfae89e010 code [0x000002bfae89e240, 0x000002bfae89e9f8]
Event: 240.340 Thread 0x000002bfc3632000 8821       4       groovy.lang.MetaMethod::isStatic (16 bytes)
Event: 240.341 Thread 0x000002bfc3632000 nmethod 8821 0x000002bfae89ef10 code [0x000002bfae89f0a0, 0x000002bfae89f118]
Event: 240.341 Thread 0x000002bfbd2d0800 8823       3       sun.reflect.generics.reflectiveObjects.ParameterizedTypeImpl::equals (81 bytes)
Event: 240.342 Thread 0x000002bfbd2d0800 nmethod 8823 0x000002bfa80f7110 code [0x000002bfa80f7360, 0x000002bfa80f7ec8]
Event: 240.342 Thread 0x000002bfbd2d0800 8824       3       org.gradle.internal.service.DefaultServiceRegistry$SingletonService::getFactory (19 bytes)
Event: 240.342 Thread 0x000002bfbd2d0800 nmethod 8824 0x000002bfa80f8110 code [0x000002bfa80f82e0, 0x000002bfa80f84b8]
Event: 240.377 Thread 0x000002bfbd2d0800 8825 %     3       java.util.zip.ZipFile$Source::initCEN @ 228 (697 bytes)
Event: 240.384 Thread 0x000002bfbd2d0800 nmethod 8825% 0x000002bfa80f8590 code [0x000002bfa80f8c00, 0x000002bfa80fc9f8]
Event: 240.385 Thread 0x000002bfbd2d0800 8826       3       java.util.zip.ZipFile$Source::initCEN (697 bytes)
Event: 240.391 Thread 0x000002bfbd2d0800 nmethod 8826 0x000002bfa80fe490 code [0x000002bfa80feae0, 0x000002bfa8102718]
Event: 240.411 Thread 0x000002bfc3632000 8827       4       java.util.ArrayList$ArrayListSpliterator::tryAdvance (79 bytes)
Event: 240.413 Thread 0x000002bfbd2d0800 8828       3       groovy.lang.MetaClassImpl::getMetaProperty (45 bytes)
Event: 240.414 Thread 0x000002bfbd2d0800 nmethod 8828 0x000002bfa8104190 code [0x000002bfa8104380, 0x000002bfa8104858]
Event: 240.420 Thread 0x000002bfc3632000 nmethod 8827 0x000002bfae89f210 code [0x000002bfae89f3e0, 0x000002bfae89f8b8]
Event: 240.452 Thread 0x000002bfbd2d0800 8829       3       sun.reflect.generics.tree.Wildcard::make (10 bytes)
Event: 240.452 Thread 0x000002bfbd2d0800 nmethod 8829 0x000002bfa8104a10 code [0x000002bfa8104be0, 0x000002bfa8104e98]
Event: 240.452 Thread 0x000002bfbd2d0800 8830       3       sun.reflect.generics.tree.Wildcard::<init> (15 bytes)
Event: 240.453 Thread 0x000002bfbd2d0800 nmethod 8830 0x000002bfa8104f90 code [0x000002bfa8105140, 0x000002bfa8105358]

GC Heap History (20 events):
Event: 220.389 GC heap before
{Heap before GC invocations=12 (full 0):
 garbage-first heap   total 129024K, used 92408K [0x0000000080000000, 0x0000000100000000)
  region size 1024K, 66 young (67584K), 8 survivors (8192K)
 Metaspace       used 49493K, capacity 50890K, committed 51024K, reserved 561152K
  class space    used 6331K, capacity 6884K, committed 6912K, reserved 516096K
}
Event: 220.405 GC heap after
{Heap after GC invocations=13 (full 0):
 garbage-first heap   total 129024K, used 36342K [0x0000000080000000, 0x0000000100000000)
  region size 1024K, 7 young (7168K), 7 survivors (7168K)
 Metaspace       used 49493K, capacity 50890K, committed 51024K, reserved 561152K
  class space    used 6331K, capacity 6884K, committed 6912K, reserved 516096K
}
Event: 223.630 GC heap before
{Heap before GC invocations=13 (full 0):
 garbage-first heap   total 129024K, used 95734K [0x0000000080000000, 0x0000000100000000)
  region size 1024K, 65 young (66560K), 7 survivors (7168K)
 Metaspace       used 56704K, capacity 58172K, committed 58448K, reserved 567296K
  class space    used 7241K, capacity 7858K, committed 7936K, reserved 516096K
}
Event: 223.645 GC heap after
{Heap after GC invocations=14 (full 0):
 garbage-first heap   total 129024K, used 39943K [0x0000000080000000, 0x0000000100000000)
  region size 1024K, 7 young (7168K), 7 survivors (7168K)
 Metaspace       used 56704K, capacity 58172K, committed 58448K, reserved 567296K
  class space    used 7241K, capacity 7858K, committed 7936K, reserved 516096K
}
Event: 225.583 GC heap before
{Heap before GC invocations=14 (full 0):
 garbage-first heap   total 129024K, used 53255K [0x0000000080000000, 0x0000000100000000)
  region size 1024K, 19 young (19456K), 7 survivors (7168K)
 Metaspace       used 58514K, capacity 60108K, committed 60240K, reserved 569344K
  class space    used 7453K, capacity 8113K, committed 8192K, reserved 516096K
}
Event: 225.601 GC heap after
{Heap after GC invocations=15 (full 0):
 garbage-first heap   total 129024K, used 43990K [0x0000000080000000, 0x0000000100000000)
  region size 1024K, 6 young (6144K), 6 survivors (6144K)
 Metaspace       used 58514K, capacity 60108K, committed 60240K, reserved 569344K
  class space    used 7453K, capacity 8113K, committed 8192K, reserved 516096K
}
Event: 228.526 GC heap before
{Heap before GC invocations=16 (full 0):
 garbage-first heap   total 129024K, used 97238K [0x0000000080000000, 0x0000000100000000)
  region size 1024K, 54 young (55296K), 6 survivors (6144K)
 Metaspace       used 63829K, capacity 65531K, committed 65616K, reserved 573440K
  class space    used 8200K, capacity 8884K, committed 8960K, reserved 516096K
}
Event: 228.543 GC heap after
{Heap after GC invocations=17 (full 0):
 garbage-first heap   total 129024K, used 51742K [0x0000000080000000, 0x0000000100000000)
  region size 1024K, 6 young (6144K), 6 survivors (6144K)
 Metaspace       used 63829K, capacity 65531K, committed 65616K, reserved 573440K
  class space    used 8200K, capacity 8884K, committed 8960K, reserved 516096K
}
Event: 230.258 GC heap before
{Heap before GC invocations=17 (full 0):
 garbage-first heap   total 129024K, used 96798K [0x0000000080000000, 0x0000000100000000)
  region size 1024K, 50 young (51200K), 6 survivors (6144K)
 Metaspace       used 67403K, capacity 69236K, committed 69456K, reserved 577536K
  class space    used 8703K, capacity 9458K, committed 9472K, reserved 516096K
}
Event: 230.268 GC heap after
{Heap after GC invocations=18 (full 0):
 garbage-first heap   total 129024K, used 53592K [0x0000000080000000, 0x0000000100000000)
  region size 1024K, 6 young (6144K), 6 survivors (6144K)
 Metaspace       used 67403K, capacity 69236K, committed 69456K, reserved 577536K
  class space    used 8703K, capacity 9458K, committed 9472K, reserved 516096K
}
Event: 231.832 GC heap before
{Heap before GC invocations=18 (full 0):
 garbage-first heap   total 129024K, used 99672K [0x0000000080000000, 0x0000000100000000)
  region size 1024K, 51 young (52224K), 6 survivors (6144K)
 Metaspace       used 70977K, capacity 72764K, committed 73040K, reserved 579584K
  class space    used 9136K, capacity 9883K, committed 9984K, reserved 516096K
}
Event: 231.845 GC heap after
{Heap after GC invocations=19 (full 0):
 garbage-first heap   total 129024K, used 55654K [0x0000000080000000, 0x0000000100000000)
  region size 1024K, 4 young (4096K), 4 survivors (4096K)
 Metaspace       used 70977K, capacity 72764K, committed 73040K, reserved 579584K
  class space    used 9136K, capacity 9883K, committed 9984K, reserved 516096K
}
Event: 233.901 GC heap before
{Heap before GC invocations=19 (full 0):
 garbage-first heap   total 129024K, used 100710K [0x0000000080000000, 0x0000000100000000)
  region size 1024K, 49 young (50176K), 4 survivors (4096K)
 Metaspace       used 73627K, capacity 75648K, committed 75728K, reserved 581632K
  class space    used 9496K, capacity 10324K, committed 10368K, reserved 516096K
}
Event: 233.915 GC heap after
{Heap after GC invocations=20 (full 0):
 garbage-first heap   total 129024K, used 58933K [0x0000000080000000, 0x0000000100000000)
  region size 1024K, 6 young (6144K), 6 survivors (6144K)
 Metaspace       used 73627K, capacity 75648K, committed 75728K, reserved 581632K
  class space    used 9496K, capacity 10324K, committed 10368K, reserved 516096K
}
Event: 237.173 GC heap before
{Heap before GC invocations=20 (full 0):
 garbage-first heap   total 129024K, used 101941K [0x0000000080000000, 0x0000000100000000)
  region size 1024K, 49 young (50176K), 6 survivors (6144K)
 Metaspace       used 76708K, capacity 78928K, committed 79056K, reserved 585728K
  class space    used 9934K, capacity 10847K, committed 10880K, reserved 516096K
}
Event: 237.189 GC heap after
{Heap after GC invocations=21 (full 0):
 garbage-first heap   total 129024K, used 62952K [0x0000000080000000, 0x0000000100000000)
  region size 1024K, 7 young (7168K), 7 survivors (7168K)
 Metaspace       used 76708K, capacity 78928K, committed 79056K, reserved 585728K
  class space    used 9934K, capacity 10847K, committed 10880K, reserved 516096K
}
Event: 239.296 GC heap before
{Heap before GC invocations=21 (full 0):
 garbage-first heap   total 129024K, used 102888K [0x0000000080000000, 0x0000000100000000)
  region size 1024K, 47 young (48128K), 7 survivors (7168K)
 Metaspace       used 79472K, capacity 81835K, committed 82000K, reserved 587776K
  class space    used 10279K, capacity 11255K, committed 11264K, reserved 516096K
}
Event: 239.315 GC heap after
{Heap after GC invocations=22 (full 0):
 garbage-first heap   total 129024K, used 68514K [0x0000000080000000, 0x0000000100000000)
  region size 1024K, 6 young (6144K), 6 survivors (6144K)
 Metaspace       used 79472K, capacity 81835K, committed 82000K, reserved 587776K
  class space    used 10279K, capacity 11255K, committed 11264K, reserved 516096K
}
Event: 240.347 GC heap before
{Heap before GC invocations=22 (full 0):
 garbage-first heap   total 129024K, used 83874K [0x0000000080000000, 0x0000000100000000)
  region size 1024K, 22 young (22528K), 6 survivors (6144K)
 Metaspace       used 79712K, capacity 82071K, committed 82256K, reserved 587776K
  class space    used 10292K, capacity 11263K, committed 11264K, reserved 516096K
}
Event: 240.358 GC heap after
{Heap after GC invocations=23 (full 0):
 garbage-first heap   total 129024K, used 69945K [0x0000000080000000, 0x0000000100000000)
  region size 1024K, 2 young (2048K), 2 survivors (2048K)
 Metaspace       used 79712K, capacity 82071K, committed 82256K, reserved 587776K
  class space    used 10292K, capacity 11263K, committed 11264K, reserved 516096K
}

Deoptimization events (20 events):
Event: 239.230 Thread 0x000002bfc3f3c000 DEOPT PACKING pc=0x000002bfae47bccc sp=0x000000d7943feaa0
Event: 239.230 Thread 0x000002bfc3f3c000 DEOPT UNPACKING pc=0x000002bfa68ea1af sp=0x000000d7943fea98 mode 2
Event: 239.253 Thread 0x000002bfc3f3c000 Uncommon trap: trap_request=0xffffffde fr.pc=0x000002bfae47bccc relative=0x000000000000030c
Event: 239.253 Thread 0x000002bfc3f3c000 Uncommon trap: reason=class_check action=maybe_recompile pc=0x000002bfae47bccc method=java.util.Collections$SetFromMap.remove(Ljava/lang/Object;)Z @ 5 c2
Event: 239.253 Thread 0x000002bfc3f3c000 DEOPT PACKING pc=0x000002bfae47bccc sp=0x000000d7943feaa0
Event: 239.253 Thread 0x000002bfc3f3c000 DEOPT UNPACKING pc=0x000002bfa68ea1af sp=0x000000d7943fea98 mode 2
Event: 239.280 Thread 0x000002bfc3f35800 DEOPT PACKING pc=0x000002bfa77c849d sp=0x000000d7941facf0
Event: 239.280 Thread 0x000002bfc3f35800 DEOPT UNPACKING pc=0x000002bfa68ea95e sp=0x000000d7941fa248 mode 0
Event: 239.396 Thread 0x000002bfbf3c5800 DEOPT PACKING pc=0x000002bfa7558174 sp=0x000000d7938fd780
Event: 239.396 Thread 0x000002bfbf3c5800 DEOPT UNPACKING pc=0x000002bfa68ea95e sp=0x000000d7938fcd20 mode 0
Event: 239.471 Thread 0x000002bfbf3c8800 DEOPT PACKING pc=0x000002bfa7558174 sp=0x000000d7937fd620
Event: 239.471 Thread 0x000002bfbf3c8800 DEOPT UNPACKING pc=0x000002bfa68ea95e sp=0x000000d7937fcbc0 mode 0
Event: 239.555 Thread 0x000002bfbe582800 DEOPT PACKING pc=0x000002bfa7558174 sp=0x000000d790ef7670
Event: 239.555 Thread 0x000002bfbe582800 DEOPT UNPACKING pc=0x000002bfa68ea95e sp=0x000000d790ef6c10 mode 0
Event: 239.863 Thread 0x000002bfbe582800 Uncommon trap: trap_request=0xffffff4d fr.pc=0x000002bfae69be24 relative=0x0000000000000324
Event: 239.863 Thread 0x000002bfbe582800 Uncommon trap: reason=unstable_if action=reinterpret pc=0x000002bfae69be24 method=org.gradle.internal.snapshot.PathUtil.equalChars(CCLorg/gradle/internal/snapshot/CaseSensitivity;)Z @ 11 c2
Event: 239.863 Thread 0x000002bfbe582800 DEOPT PACKING pc=0x000002bfae69be24 sp=0x000000d790ef7670
Event: 239.863 Thread 0x000002bfbe582800 DEOPT UNPACKING pc=0x000002bfa68ea1af sp=0x000000d790ef7608 mode 2
Event: 240.195 Thread 0x000002bfbe582800 DEOPT PACKING pc=0x000002bfa77ceef1 sp=0x000000d790ef8d40
Event: 240.195 Thread 0x000002bfbe582800 DEOPT UNPACKING pc=0x000002bfa68ea95e sp=0x000000d790ef8238 mode 0

Classes redefined (0 events):
No events

Internal exceptions (20 events):
Event: 233.511 Thread 0x000002bfbe582800 Exception <a 'java/lang/ClassNotFoundException'{0x000000008595c900}: org/gradle/api/internal/DefaultNamedDomainObjectCollectionCustomizer> (0x000000008595c900) thrown at [./src/hotspot/share/classfile/systemDictionary.cpp, line 230]
Event: 233.525 Thread 0x000002bfbe582800 Exception <a 'java/lang/ClassNotFoundException'{0x00000000859b0ec8}: org/gradle/api/internal/DefaultNamedDomainObjectListCustomizer> (0x00000000859b0ec8) thrown at [./src/hotspot/share/classfile/systemDictionary.cpp, line 230]
Event: 233.561 Thread 0x000002bfbe582800 Exception <a 'java/lang/ClassNotFoundException'{0x000000008580e398}: org/gradle/api/internal/artifacts/DefaultArtifactRepositoryContainerCustomizer> (0x000000008580e398) thrown at [./src/hotspot/share/classfile/systemDictionary.cpp, line 230]
Event: 233.567 Thread 0x000002bfbe582800 Exception <a 'java/lang/ClassNotFoundException'{0x000000008585fb10}: org/gradle/api/internal/artifacts/dsl/DefaultRepositoryHandlerCustomizer> (0x000000008585fb10) thrown at [./src/hotspot/share/classfile/systemDictionary.cpp, line 230]
Event: 233.580 Thread 0x000002bfbe582800 Exception <a 'java/lang/ClassNotFoundException'{0x00000000858c4118}: org/gradle/api/internal/artifacts/dsl/DefaultRepositoryHandler_DecoratedCustomizer> (0x00000000858c4118) thrown at [./src/hotspot/share/classfile/systemDictionary.cpp, line 230]
Event: 233.612 Thread 0x000002bfbe582800 Exception <a 'java/lang/ClassNotFoundException'{0x00000000857fc298}: org/gradle/api/internal/artifacts/dsl/dependencies/DefaultDependencyHandler_DecoratedBeanInfo> (0x00000000857fc298) thrown at [./src/hotspot/share/classfile/systemDictionary.cpp, line 230]
Event: 233.613 Thread 0x000002bfbe582800 Exception <a 'java/lang/ClassNotFoundException'{0x0000000085642400}: org/gradle/api/internal/artifacts/dsl/dependencies/DefaultDependencyHandlerBeanInfo> (0x0000000085642400) thrown at [./src/hotspot/share/classfile/systemDictionary.cpp, line 230]
Event: 233.629 Thread 0x000002bfbe582800 Exception <a 'java/lang/ClassNotFoundException'{0x0000000085687f48}: org/gradle/api/internal/artifacts/dsl/dependencies/DefaultDependencyHandlerCustomizer> (0x0000000085687f48) thrown at [./src/hotspot/share/classfile/systemDictionary.cpp, line 230]
Event: 233.647 Thread 0x000002bfbe582800 Exception <a 'java/lang/ClassNotFoundException'{0x00000000856f6cb8}: org/gradle/api/internal/artifacts/dsl/dependencies/DefaultDependencyHandler_DecoratedCustomizer> (0x00000000856f6cb8) thrown at [./src/hotspot/share/classfile/systemDictionary.cpp, line 230]
Event: 235.713 Thread 0x000002bfbe582800 Exception <a 'java/lang/NoSuchMethodError'{0x0000000086591698}: 'java.lang.Object java.lang.invoke.Invokers$Holder.linkToTargetMethod(java.lang.Object, java.lang.Object, java.lang.Object, java.lang.Object, java.lang.Object, java.lang.Object, java.lang.Object, java.lang.Object, java.lang.Object)'> (0x0000000086591698) thrown at [./src/hotspot/share/interpreter/linkResolver.cpp, line 773]
Event: 236.805 Thread 0x000002bfc3f35800 Exception <a 'java/lang/NoSuchMethodError'{0x000000008567a000}: 'java.lang.Object java.lang.invoke.DirectMethodHandle$Holder.invokeStatic(java.lang.Object, java.lang.Object, java.lang.Object, java.lang.Object, int, java.lang.Object)'> (0x000000008567a000) thrown at [./src/hotspot/share/interpreter/linkResolver.cpp, line 773]
Event: 236.805 Thread 0x000002bfc3f35800 Exception <a 'java/lang/NoSuchMethodError'{0x000000008567dd60}: 'java.lang.Object java.lang.invoke.Invokers$Holder.linkToTargetMethod(java.lang.Object, java.lang.Object, java.lang.Object, int, java.lang.Object, java.lang.Object)'> (0x000000008567dd60) thrown at [./src/hotspot/share/interpreter/linkResolver.cpp, line 773]
Event: 236.859 Thread 0x000002bfc3f35800 Exception <a 'java/lang/NoSuchMethodError'{0x00000000855011a0}: 'void java.lang.invoke.DirectMethodHandle$Holder.invokeInterface(java.lang.Object, java.lang.Object, java.lang.Object, java.lang.Object)'> (0x00000000855011a0) thrown at [./src/hotspot/share/interpreter/linkResolver.cpp, line 773]
Event: 237.064 Thread 0x000002bfc3f35800 Exception <a 'java/lang/NoSuchMethodError'{0x000000008531a890}: 'int java.lang.invoke.DirectMethodHandle$Holder.invokeSpecial(java.lang.Object, java.lang.Object, java.lang.Object, java.lang.Object, java.lang.Object)'> (0x000000008531a890) thrown at [./src/hotspot/share/interpreter/linkResolver.cpp, line 773]
Event: 239.242 Thread 0x000002bfc3f3c000 Exception <a 'sun/nio/fs/WindowsException'{0x00000000856578d0}> (0x00000000856578d0) thrown at [./src/hotspot/share/prims/jni.cpp, line 617]
Event: 239.243 Thread 0x000002bfc3f3c000 Exception <a 'sun/nio/fs/WindowsException'{0x000000008565a078}> (0x000000008565a078) thrown at [./src/hotspot/share/prims/jni.cpp, line 617]
Event: 239.244 Thread 0x000002bfc3f3c000 Exception <a 'sun/nio/fs/WindowsException'{0x00000000856705d0}> (0x00000000856705d0) thrown at [./src/hotspot/share/prims/jni.cpp, line 617]
Event: 239.245 Thread 0x000002bfc3f3c000 Exception <a 'sun/nio/fs/WindowsException'{0x0000000085672768}> (0x0000000085672768) thrown at [./src/hotspot/share/prims/jni.cpp, line 617]
Event: 240.335 Thread 0x000002bfbe582800 Exception <a 'java/lang/ClassNotFoundException'{0x0000000086fdb8f0}: build_wark97ju4avkfnimr8brd8t0BeanInfo> (0x0000000086fdb8f0) thrown at [./src/hotspot/share/classfile/systemDictionary.cpp, line 230]
Event: 240.337 Thread 0x000002bfbe582800 Exception <a 'java/lang/ClassNotFoundException'{0x0000000086fe7010}: build_wark97ju4avkfnimr8brd8t0Customizer> (0x0000000086fe7010) thrown at [./src/hotspot/share/classfile/systemDictionary.cpp, line 230]

Events (20 events):
Event: 240.392 loading class com/android/build/gradle/AppPlugin done
Event: 240.393 loading class com/android/build/gradle/BasePlugin
Event: 240.393 loading class com/android/build/gradle/BasePlugin done
Event: 240.396 loading class com/android/build/gradle/BaseExtension
Event: 240.396 loading class com/android/build/gradle/BaseExtension done
Event: 240.405 loading class com/android/build/gradle/AndroidConfig
Event: 240.405 loading class com/android/build/gradle/AndroidConfig done
Event: 240.407 loading class com/android/build/gradle/internal/dsl/Lockable
Event: 240.407 loading class com/android/build/gradle/internal/dsl/Lockable done
Event: 240.412 loading class com/android/build/gradle/BasePluginKt
Event: 240.412 loading class com/android/build/gradle/BasePluginKt done
Event: 240.419 loading class com/android/build/gradle/internal/plugins/VersionCheckPlugin
Event: 240.419 loading class com/android/build/gradle/internal/plugins/VersionCheckPlugin done
Event: 240.422 loading class com/android/build/gradle/internal/plugins/VersionCheckPlugin$Companion
Event: 240.422 loading class com/android/build/gradle/internal/plugins/VersionCheckPlugin$Companion done
Event: 240.424 loading class com/android/ide/common/repository/GradleVersion
Event: 240.424 loading class com/android/ide/common/repository/GradleVersion done
Event: 240.454 loading class com/google/common/base/Splitter
Event: 240.454 loading class com/google/common/base/Splitter done
Event: 240.563 Executing VM operation: CGC_Operation


Dynamic libraries:
0x00007ff66dd70000 - 0x00007ff66dd7d000 	C:\Program Files\Microsoft\jdk-11.0.18.10-hotspot\bin\java.exe
0x00007ffe8b950000 - 0x00007ffe8bb48000 	C:\WINDOWS\SYSTEM32\ntdll.dll
0x00007ffe8a010000 - 0x00007ffe8a0cd000 	C:\WINDOWS\System32\KERNEL32.DLL
0x00007ffe894f0000 - 0x00007ffe897e6000 	C:\WINDOWS\System32\KERNELBASE.dll
0x00007ffe891b0000 - 0x00007ffe892b0000 	C:\WINDOWS\System32\ucrtbase.dll
0x00007ffe63ff0000 - 0x00007ffe64007000 	C:\Program Files\Microsoft\jdk-11.0.18.10-hotspot\bin\jli.dll
0x00007ffe67f50000 - 0x00007ffe67f65000 	C:\Program Files\Microsoft\jdk-11.0.18.10-hotspot\bin\VCRUNTIME140.dll
0x00007ffe8a6e0000 - 0x00007ffe8a87e000 	C:\WINDOWS\System32\USER32.dll
0x00007ffe894c0000 - 0x00007ffe894e2000 	C:\WINDOWS\System32\win32u.dll
0x00007ffe79800000 - 0x00007ffe79a9a000 	C:\WINDOWS\WinSxS\amd64_microsoft.windows.common-controls_6595b64144ccf1df_6.0.19041.3636_none_60b6a03d71f818d5\COMCTL32.dll
0x00007ffe8a880000 - 0x00007ffe8a8ac000 	C:\WINDOWS\System32\GDI32.dll
0x00007ffe8b870000 - 0x00007ffe8b90e000 	C:\WINDOWS\System32\msvcrt.dll
0x00007ffe897f0000 - 0x00007ffe8990a000 	C:\WINDOWS\System32\gdi32full.dll
0x00007ffe89910000 - 0x00007ffe899ad000 	C:\WINDOWS\System32\msvcp_win.dll
0x00007ffe8b6a0000 - 0x00007ffe8b6d0000 	C:\WINDOWS\System32\IMM32.DLL
0x00007ffe5e210000 - 0x00007ffe5e2ab000 	C:\Program Files\Microsoft\jdk-11.0.18.10-hotspot\bin\msvcp140.dll
0x00007ffe1e350000 - 0x00007ffe1eee2000 	C:\Program Files\Microsoft\jdk-11.0.18.10-hotspot\bin\server\jvm.dll
0x00007ffe8a8c0000 - 0x00007ffe8a96f000 	C:\WINDOWS\System32\ADVAPI32.dll
0x00007ffe89b80000 - 0x00007ffe89c1c000 	C:\WINDOWS\System32\sechost.dll
0x00007ffe8a190000 - 0x00007ffe8a2b6000 	C:\WINDOWS\System32\RPCRT4.dll
0x00007ffe89ed0000 - 0x00007ffe89ed8000 	C:\WINDOWS\System32\PSAPI.DLL
0x00007ffe75870000 - 0x00007ffe75879000 	C:\WINDOWS\SYSTEM32\WSOCK32.dll
0x00007ffe89fa0000 - 0x00007ffe8a00b000 	C:\WINDOWS\System32\WS2_32.dll
0x00007ffe78f00000 - 0x00007ffe78f27000 	C:\WINDOWS\SYSTEM32\WINMM.dll
0x00007ffe7a8c0000 - 0x00007ffe7a8ca000 	C:\WINDOWS\SYSTEM32\VERSION.dll
0x00007ffe87840000 - 0x00007ffe87852000 	C:\WINDOWS\SYSTEM32\kernel.appcore.dll
0x00007ffe83fa0000 - 0x00007ffe83fb0000 	C:\Program Files\Microsoft\jdk-11.0.18.10-hotspot\bin\verify.dll
0x00007ffe87550000 - 0x00007ffe87734000 	C:\WINDOWS\SYSTEM32\DBGHELP.DLL
0x00007ffe77460000 - 0x00007ffe77494000 	C:\WINDOWS\SYSTEM32\dbgcore.DLL
0x00007ffe890a0000 - 0x00007ffe89122000 	C:\WINDOWS\System32\bcryptPrimitives.dll
0x00007ffe5e1e0000 - 0x00007ffe5e208000 	C:\Program Files\Microsoft\jdk-11.0.18.10-hotspot\bin\java.dll
0x00007ffe80eb0000 - 0x00007ffe80eba000 	C:\Program Files\Microsoft\jdk-11.0.18.10-hotspot\bin\jimage.dll
0x00007ffe63350000 - 0x00007ffe63368000 	C:\Program Files\Microsoft\jdk-11.0.18.10-hotspot\bin\zip.dll
0x00007ffe8a970000 - 0x00007ffe8b0b5000 	C:\WINDOWS\System32\SHELL32.dll
0x00007ffe86ce0000 - 0x00007ffe8747b000 	C:\WINDOWS\SYSTEM32\windows.storage.dll
0x00007ffe8a380000 - 0x00007ffe8a6d4000 	C:\WINDOWS\System32\combase.dll
0x00007ffe88920000 - 0x00007ffe8894d000 	C:\WINDOWS\SYSTEM32\Wldp.dll
0x00007ffe89cf0000 - 0x00007ffe89d9d000 	C:\WINDOWS\System32\SHCORE.dll
0x00007ffe89f40000 - 0x00007ffe89f95000 	C:\WINDOWS\System32\shlwapi.dll
0x00007ffe88f60000 - 0x00007ffe88f85000 	C:\WINDOWS\SYSTEM32\profapi.dll
0x00007ffe616e0000 - 0x00007ffe616f9000 	C:\Program Files\Microsoft\jdk-11.0.18.10-hotspot\bin\net.dll
0x00007ffe7a6b0000 - 0x00007ffe7a7ba000 	C:\WINDOWS\SYSTEM32\WINHTTP.dll
0x00007ffe886a0000 - 0x00007ffe8870a000 	C:\WINDOWS\system32\mswsock.dll
0x00007ffe614f0000 - 0x00007ffe61503000 	C:\Program Files\Microsoft\jdk-11.0.18.10-hotspot\bin\nio.dll
0x00007ffe5e1b0000 - 0x00007ffe5e1d7000 	C:\Users\Salman\.gradle\native\68d5fa5c4cc2d200863cafc0d521ce42e7d3e7ee720ec0a83991735586a16f82\windows-amd64\native-platform.dll
0x00007ffe34760000 - 0x00007ffe348a4000 	C:\Users\Salman\.gradle\native\e376f236ea51e6404a007f0833ffe2c6e607c4080706a723a18a27aeea778392\windows-amd64\native-platform-file-events.dll
0x00007ffe75860000 - 0x00007ffe75869000 	C:\Program Files\Microsoft\jdk-11.0.18.10-hotspot\bin\management.dll
0x00007ffe6ff60000 - 0x00007ffe6ff6b000 	C:\Program Files\Microsoft\jdk-11.0.18.10-hotspot\bin\management_ext.dll
0x00007ffe88c60000 - 0x00007ffe88c78000 	C:\WINDOWS\SYSTEM32\CRYPTSP.dll
0x00007ffe87ff0000 - 0x00007ffe88024000 	C:\WINDOWS\system32\rsaenh.dll
0x00007ffe89130000 - 0x00007ffe89157000 	C:\WINDOWS\System32\bcrypt.dll
0x00007ffe88f20000 - 0x00007ffe88f4e000 	C:\WINDOWS\SYSTEM32\USERENV.dll
0x00007ffe88830000 - 0x00007ffe8883c000 	C:\WINDOWS\SYSTEM32\CRYPTBASE.dll
0x00007ffe883b0000 - 0x00007ffe883eb000 	C:\WINDOWS\SYSTEM32\IPHLPAPI.DLL
0x00007ffe8a370000 - 0x00007ffe8a378000 	C:\WINDOWS\System32\NSI.dll
0x00007ffe7a970000 - 0x00007ffe7a987000 	C:\WINDOWS\SYSTEM32\dhcpcsvc6.DLL
0x00007ffe7ac50000 - 0x00007ffe7ac6d000 	C:\WINDOWS\SYSTEM32\dhcpcsvc.DLL
0x00007ffe883f0000 - 0x00007ffe884ba000 	C:\WINDOWS\SYSTEM32\DNSAPI.dll
0x00007ffe7a360000 - 0x00007ffe7a36e000 	C:\Program Files\Microsoft\jdk-11.0.18.10-hotspot\bin\sunmscapi.dll
0x00007ffe892b0000 - 0x00007ffe8940d000 	C:\WINDOWS\System32\CRYPT32.dll
0x00007ffe88990000 - 0x00007ffe889b7000 	C:\WINDOWS\SYSTEM32\ncrypt.dll
0x00007ffe88950000 - 0x00007ffe8898b000 	C:\WINDOWS\SYSTEM32\NTASN1.dll
0x00007ffe7a330000 - 0x00007ffe7a355000 	C:\Program Files\Microsoft\jdk-11.0.18.10-hotspot\bin\sunec.dll
0x0000000075b90000 - 0x0000000075bb6000 	C:\Program Files\Bonjour\mdnsNSP.dll
0x00007ffe78b00000 - 0x00007ffe78b0a000 	C:\Windows\System32\rasadhlp.dll
0x00007ffe79300000 - 0x00007ffe79380000 	C:\WINDOWS\System32\fwpuclnt.dll

dbghelp: loaded successfully - version: 4.0.5 - missing functions: none
symbol engine: initialized successfully - sym options: 0x614 - pdb path: .;C:\Program Files\Microsoft\jdk-11.0.18.10-hotspot\bin;C:\WINDOWS\SYSTEM32;C:\WINDOWS\WinSxS\amd64_microsoft.windows.common-controls_6595b64144ccf1df_6.0.19041.3636_none_60b6a03d71f818d5;C:\Program Files\Microsoft\jdk-11.0.18.10-hotspot\bin\server;C:\Users\Salman\.gradle\native\68d5fa5c4cc2d200863cafc0d521ce42e7d3e7ee720ec0a83991735586a16f82\windows-amd64;C:\Users\Salman\.gradle\native\e376f236ea51e6404a007f0833ffe2c6e607c4080706a723a18a27aeea778392\windows-amd64;C:\Program Files\Bonjour

VM Arguments:
jvm_args: -XX:MaxMetaspaceSize=512m --add-opens=java.base/java.util=ALL-UNNAMED --add-opens=java.base/java.lang=ALL-UNNAMED --add-opens=java.base/java.lang.invoke=ALL-UNNAMED --add-opens=java.prefs/java.util.prefs=ALL-UNNAMED --add-opens=java.base/java.nio.charset=ALL-UNNAMED --add-opens=java.base/java.net=ALL-UNNAMED --add-opens=java.base/java.util.concurrent.atomic=ALL-UNNAMED -Xmx2048m -Dfile.encoding=windows-1252 -Duser.country=US -Duser.language=en -Duser.variant 
java_command: org.gradle.launcher.daemon.bootstrap.GradleDaemon 8.0.1
java_class_path (initial): C:\Users\Salman\.gradle\wrapper\dists\gradle-8.0.1-all\aro4hu1c3oeioove7l0i4i14o\gradle-8.0.1\lib\gradle-launcher-8.0.1.jar
Launcher Type: SUN_STANDARD

[Global flags]
     intx CICompilerCount                          = 3                                         {product} {ergonomic}
   size_t CompressedClassSpaceSize                 = 528482304                                 {product} {ergonomic}
     uint ConcGCThreads                            = 1                                         {product} {ergonomic}
     uint G1ConcRefinementThreads                  = 4                                         {product} {ergonomic}
   size_t G1HeapRegionSize                         = 1048576                                   {product} {ergonomic}
    uintx GCDrainStackTargetSize                   = 64                                        {product} {ergonomic}
   size_t InitialHeapSize                          = 132120576                                 {product} {ergonomic}
   size_t MarkStackSize                            = 4194304                                   {product} {ergonomic}
   size_t MaxHeapSize                              = 2147483648                                {product} {command line}
   size_t MaxMetaspaceSize                         = 536870912                                 {product} {command line}
   size_t MaxNewSize                               = 1287651328                                {product} {ergonomic}
   size_t MinHeapDeltaBytes                        = 1048576                                   {product} {ergonomic}
    uintx NonNMethodCodeHeapSize                   = 5830732                                {pd product} {ergonomic}
    uintx NonProfiledCodeHeapSize                  = 122913754                              {pd product} {ergonomic}
    uintx ProfiledCodeHeapSize                     = 122913754                              {pd product} {ergonomic}
    uintx ReservedCodeCacheSize                    = 251658240                              {pd product} {ergonomic}
     bool SegmentedCodeCache                       = true                                      {product} {ergonomic}
     bool UseCompressedClassPointers               = true                                 {lp64_product} {ergonomic}
     bool UseCompressedOops                        = true                                 {lp64_product} {ergonomic}
     bool UseG1GC                                  = true                                      {product} {ergonomic}
     bool UseLargePagesIndividualAllocation        = false                                  {pd product} {ergonomic}

Logging:
Log output configuration:
 #0: stdout all=warning uptime,level,tags
 #1: stderr all=off uptime,level,tags

Environment Variables:
JAVA_HOME=C:\Program Files\Microsoft\jdk-11.0.18.10-hotspot\
CLASSPATH=C:\Users\Salman\Desktop\Projects\lms_project\android\\gradle\wrapper\gradle-wrapper.jar
PATH=C:\Users\Salman\AppData\Local\Temp\yarn--1702576525382-0.29088523047744363;C:\Users\Salman\Desktop\Projects\lms_project\node_modules\.bin;C:\Users\Salman\AppData\Local\Yarn\Data\link\node_modules\.bin;C:\Users\Salman\AppData\Local\Yarn\bin;C:\Program Files\libexec\lib\node_modules\npm\bin\node-gyp-bin;C:\Program Files\lib\node_modules\npm\bin\node-gyp-bin;C:\Program Files\nodejs\node_modules\npm\bin\node-gyp-bin;C:\Program Files\Microsoft\jdk-11.0.18.10-hotspot\bin;C:\WINDOWS\system32;C:\WINDOWS;C:\WINDOWS\System32\Wbem;C:\WINDOWS\System32\WindowsPowerShell\v1.0\;C:\WINDOWS\System32\OpenSSH\;C:\ProgramData\chocolatey\bin;C:\Users\Salman\AppData\Roaming\nvm;C:\Program Files\nodejs;C:\Users\Salman\AppData\Local\Android\Sdk\platform-tools;C:\Program Files\Git\cmd;C:\Users\Salman\AppData\Local\Microsoft\WindowsApps;C:\Users\Salman\AppData\Roaming\nvm;C:\Program Files\nodejs;C:\Users\Salman\AppData\Local\Programs\Microsoft VS Code\bin;
USERNAME=Salman
LANG=en_US.UTF-8
OS=Windows_NT
PROCESSOR_IDENTIFIER=Intel64 Family 6 Model 142 Stepping 9, GenuineIntel
TMP=C:\Users\Salman\AppData\Local\Temp
TEMP=C:\Users\Salman\AppData\Local\Temp



---------------  S Y S T E M  ---------------

OS: Windows 10 , 64 bit Build 19041 (10.0.19041.3636)
OS uptime: 0 days 2:07 hours
Hyper-V role detected

CPU:total 4 (initial active 4) (2 cores per cpu, 2 threads per core) family 6 model 142 stepping 9 microcode 0xb4, cmov, cx8, fxsr, mmx, sse, sse2, sse3, ssse3, sse4.1, sse4.2, popcnt, avx, avx2, aes, clmul, erms, 3dnowpref, lzcnt, ht, tsc, tscinvbit, bmi1, bmi2, adx, fma

Memory: 4k page, system-wide physical 7963M (454M free)
TotalPageFile size 14107M (AvailPageFile size 4707M)
current process WorkingSet (physical memory assigned to process): 342M, peak: 345M
current process commit charge ("private bytes"): 382M, peak: 386M

vm_info: OpenJDK 64-Bit Server VM (11.0.18+10-LTS) for windows-amd64 JRE (11.0.18+10-LTS), built on Jan 18 2023 15:56:47 by "MicrosoftCorporation" with MS VC++ 15.9 (VS2017)

END.
